# JRE version: OpenJDK Runtime Environment GraalVM CE 21.3.0 (11.0.13+7) (build 11.0.13+7-jvmci-21.3-b05)
# Java VM: OpenJDK 64-Bit Server VM GraalVM CE 21.3.0 (11.0.13+7-jvmci-21.3-b05, mixed mode, sharing, tiered, jvmci, jvmci compiler, compressed oops, g1 gc, bsd-amd64)
Heap:
 garbage-first heap   total 710656K, used 106083K [0x0000000600000000, 0x0000000800000000)
  region size 2048K, 41 young (83968K), 8 survivors (16384K)
 Metaspace       used 46823K, capacity 48948K, committed 49104K, reserved 1091584K
  class space    used 5536K, capacity 6425K, committed 6448K, reserved 1048576K
GC Heap History (16 events):
Event: 0.421 GC heap before
{Heap before GC invocations=0 (full 0):
 garbage-first heap   total 528384K, used 24284K [0x0000000600000000, 0x0000000800000000)
  region size 2048K, 12 young (24576K), 0 survivors (0K)
 Metaspace       used 4157K, capacity 6027K, committed 6272K, reserved 1056768K
  class space    used 368K, capacity 617K, committed 640K, reserved 1048576K
}
Event: 0.429 GC heap after
{Heap after GC invocations=1 (full 0):
 garbage-first heap   total 528384K, used 12401K [0x0000000600000000, 0x0000000800000000)
  region size 2048K, 2 young (4096K), 2 survivors (4096K)
 Metaspace       used 4157K, capacity 6027K, committed 6272K, reserved 1056768K
  class space    used 368K, capacity 617K, committed 640K, reserved 1048576K
}
Event: 0.596 GC heap before
{Heap before GC invocations=1 (full 0):
 garbage-first heap   total 528384K, used 32881K [0x0000000600000000, 0x0000000800000000)
  region size 2048K, 12 young (24576K), 2 survivors (4096K)
 Metaspace       used 4710K, capacity 6223K, committed 6400K, reserved 1056768K
  class space    used 414K, capacity 661K, committed 768K, reserved 1048576K
}
Event: 0.603 GC heap after
{Heap after GC invocations=2 (full 0):
 garbage-first heap   total 528384K, used 17864K [0x0000000600000000, 0x0000000800000000)
  region size 2048K, 2 young (4096K), 2 survivors (4096K)
 Metaspace       used 4710K, capacity 6223K, committed 6400K, reserved 1056768K
  class space    used 414K, capacity 661K, committed 768K, reserved 1048576K
}
Event: 0.815 GC heap before
{Heap before GC invocations=2 (full 0):
 garbage-first heap   total 528384K, used 46536K [0x0000000600000000, 0x0000000800000000)
  region size 2048K, 16 young (32768K), 2 survivors (4096K)
 Metaspace       used 6620K, capacity 7341K, committed 7552K, reserved 1056768K
  class space    used 621K, capacity 843K, committed 896K, reserved 1048576K
}
Event: 0.824 GC heap after
{Heap after GC invocations=3 (full 0):
 garbage-first heap   total 528384K, used 23782K [0x0000000600000000, 0x0000000800000000)
  region size 2048K, 2 young (4096K), 2 survivors (4096K)
 Metaspace       used 6620K, capacity 7341K, committed 7552K, reserved 1056768K
  class space    used 621K, capacity 843K, committed 896K, reserved 1048576K
}
Event: 1.207 GC heap before
{Heap before GC invocations=3 (full 0):
 garbage-first heap   total 528384K, used 60646K [0x0000000600000000, 0x0000000800000000)
  region size 2048K, 20 young (40960K), 2 survivors (4096K)
 Metaspace       used 13289K, capacity 13910K, committed 13952K, reserved 1060864K
  class space    used 1416K, capacity 1656K, committed 1664K, reserved 1048576K
}
Event: 1.214 GC heap after
{Heap after GC invocations=4 (full 0):
 garbage-first heap   total 528384K, used 28151K [0x0000000600000000, 0x0000000800000000)
  region size 2048K, 2 young (4096K), 2 survivors (4096K)
 Metaspace       used 13289K, capacity 13910K, committed 13952K, reserved 1060864K
  class space    used 1416K, capacity 1656K, committed 1664K, reserved 1048576K
}
Event: 1.465 GC heap before
{Heap before GC invocations=4 (full 0):
 garbage-first heap   total 528384K, used 91639K [0x0000000600000000, 0x0000000800000000)
  region size 2048K, 34 young (69632K), 2 survivors (4096K)
 Metaspace       used 18899K, capacity 19759K, committed 19840K, reserved 1067008K
  class space    used 2065K, capacity 2418K, committed 2432K, reserved 1048576K
}
Event: 1.472 GC heap after
{Heap after GC invocations=5 (full 0):
 garbage-first heap   total 710656K, used 30979K [0x0000000600000000, 0x0000000800000000)
  region size 2048K, 4 young (8192K), 4 survivors (8192K)
 Metaspace       used 18899K, capacity 19759K, committed 19840K, reserved 1067008K
  class space    used 2065K, capacity 2418K, committed 2432K, reserved 1048576K
}
Event: 1.545 GC heap before
{Heap before GC invocations=5 (full 0):
 garbage-first heap   total 710656K, used 45315K [0x0000000600000000, 0x0000000800000000)
  region size 2048K, 12 young (24576K), 4 survivors (8192K)
 Metaspace       used 20335K, capacity 21227K, committed 21296K, reserved 1069056K
  class space    used 2205K, capacity 2565K, committed 2608K, reserved 1048576K
}
Event: 1.558 GC heap after
{Heap after GC invocations=6 (full 0):
 garbage-first heap   total 710656K, used 32968K [0x0000000600000000, 0x0000000800000000)
  region size 2048K, 5 young (10240K), 5 survivors (10240K)
 Metaspace       used 20335K, capacity 21227K, committed 21296K, reserved 1069056K
  class space    used 2205K, capacity 2565K, committed 2608K, reserved 1048576K
}
Event: 2.041 GC heap before
{Heap before GC invocations=7 (full 0):
 garbage-first heap   total 710656K, used 141512K [0x0000000600000000, 0x0000000800000000)
  region size 2048K, 58 young (118784K), 5 survivors (10240K)
 Metaspace       used 27749K, capacity 29433K, committed 29488K, reserved 1075200K
  class space    used 3205K, capacity 3846K, committed 3888K, reserved 1048576K
}
Event: 2.053 GC heap after
{Heap after GC invocations=8 (full 0):
 garbage-first heap   total 710656K, used 37060K [0x0000000600000000, 0x0000000800000000)
  region size 2048K, 5 young (10240K), 5 survivors (10240K)
 Metaspace       used 27749K, capacity 29433K, committed 29488K, reserved 1075200K
  class space    used 3205K, capacity 3846K, committed 3888K, reserved 1048576K
}
Event: 2.519 GC heap before
{Heap before GC invocations=8 (full 0):
 garbage-first heap   total 710656K, used 133316K [0x0000000600000000, 0x0000000800000000)
  region size 2048K, 53 young (108544K), 5 survivors (10240K)
 Metaspace       used 34012K, capacity 35845K, committed 35920K, reserved 1081344K
  class space    used 3971K, capacity 4763K, committed 4784K, reserved 1048576K
}
Event: 2.530 GC heap after
{Heap after GC invocations=9 (full 0):
 garbage-first heap   total 710656K, used 42595K [0x0000000600000000, 0x0000000800000000)
  region size 2048K, 8 young (16384K), 8 survivors (16384K)
 Metaspace       used 34012K, capacity 35845K, committed 35920K, reserved 1081344K
  class space    used 3971K, capacity 4763K, committed 4784K, reserved 1048576K
}

